2017-05-08 11:09:02,205 - Log4JLogChute initialized using file 'velocity.log'
2017-05-08 11:09:02,205 - Initializing Velocity, Calling init()...
2017-05-08 11:09:02,205 - Starting Apache Velocity v1.7 (compiled: 2010-11-19 12:14:37)
2017-05-08 11:09:02,205 - Default Properties File: org\apache\velocity\runtime\defaults\velocity.properties
2017-05-08 11:09:02,205 - Trying to use logger class org.apache.velocity.runtime.log.AvalonLogChute
2017-05-08 11:09:02,205 - Target log system for org.apache.velocity.runtime.log.AvalonLogChute is not available (java.lang.NoClassDefFoundError: org/apache/log/format/Formatter).  Falling back to next log system...
2017-05-08 11:09:02,205 - Trying to use logger class org.apache.velocity.runtime.log.Log4JLogChute
2017-05-08 11:09:02,206 - Using logger class org.apache.velocity.runtime.log.Log4JLogChute
2017-05-08 11:09:02,208 - ResourceLoader instantiated: org.apache.velocity.runtime.resource.loader.ClasspathResourceLoader
2017-05-08 11:09:02,214 - ResourceCache: initialized (class org.apache.velocity.runtime.resource.ResourceCacheImpl) with class java.util.Collections$SynchronizedMap cache map.
2017-05-08 11:09:02,215 - Loaded System Directive: org.apache.velocity.runtime.directive.Stop
2017-05-08 11:09:02,215 - Loaded System Directive: org.apache.velocity.runtime.directive.Define
2017-05-08 11:09:02,216 - Loaded System Directive: org.apache.velocity.runtime.directive.Break
2017-05-08 11:09:02,216 - Loaded System Directive: org.apache.velocity.runtime.directive.Evaluate
2017-05-08 11:09:02,216 - Loaded System Directive: org.apache.velocity.runtime.directive.Literal
2017-05-08 11:09:02,217 - Loaded System Directive: org.apache.velocity.runtime.directive.Macro
2017-05-08 11:09:02,218 - Loaded System Directive: org.apache.velocity.runtime.directive.Parse
2017-05-08 11:09:02,219 - Loaded System Directive: org.apache.velocity.runtime.directive.Include
2017-05-08 11:09:02,220 - Loaded System Directive: org.apache.velocity.runtime.directive.Foreach
2017-05-08 11:09:02,239 - Created '20' parsers.
2017-05-08 11:09:02,242 - Velocimacro : "velocimacro.library" is not set.  Trying default library: VM_global_library.vm
2017-05-08 11:09:02,242 - Could not load resource 'VM_global_library.vm' from ResourceLoader org.apache.velocity.runtime.resource.loader.ClasspathResourceLoader: ClasspathResourceLoader Error: cannot find resource VM_global_library.vm
2017-05-08 11:09:02,242 - Velocimacro : Default library not found.
2017-05-08 11:09:02,242 - Velocimacro : allowInline = true : VMs can be defined inline in templates
2017-05-08 11:09:02,242 - Velocimacro : allowInlineToOverride = false : VMs defined inline may NOT replace previous VM definitions
2017-05-08 11:09:02,242 - Velocimacro : allowInlineLocal = false : VMs defined inline will be global in scope if allowed.
2017-05-08 11:09:02,242 - Velocimacro : autoload off : VM system will not automatically reload global library macros
2017-05-08 11:09:02,254 - ResourceManager : found /template/domain.vm with loader org.apache.velocity.runtime.resource.loader.ClasspathResourceLoader
2017-05-08 11:09:02,274 - ResourceManager : found /template/mapXml.vm with loader org.apache.velocity.runtime.resource.loader.ClasspathResourceLoader
2017-05-08 11:09:02,282 - ResourceManager : found /template/iservice.vm with loader org.apache.velocity.runtime.resource.loader.ClasspathResourceLoader
2017-05-08 11:09:02,285 - ResourceManager : found /template/service.vm with loader org.apache.velocity.runtime.resource.loader.ClasspathResourceLoader
2017-05-08 11:09:02,293 - ResourceManager : found /template/pageIndex.vm with loader org.apache.velocity.runtime.resource.loader.ClasspathResourceLoader
2017-05-08 11:09:02,301 - ResourceManager : found /template/pageAdd.vm with loader org.apache.velocity.runtime.resource.loader.ClasspathResourceLoader
2017-05-08 11:09:02,302 - Null reference [template '/template/pageAdd.vm', line 15, column 31] : ${base} cannot be resolved.
2017-05-08 11:09:02,306 - ResourceManager : found /template/pageEdit.vm with loader org.apache.velocity.runtime.resource.loader.ClasspathResourceLoader
2017-05-08 11:09:02,307 - Null reference [template '/template/pageEdit.vm', line 15, column 31] : ${base} cannot be resolved.
2017-05-08 11:09:02,311 - ResourceManager : found /template/thriftIBaseService.vm with loader org.apache.velocity.runtime.resource.loader.ClasspathResourceLoader
2017-05-08 11:09:02,319 - ResourceManager : found /template/thriftBaseService.vm with loader org.apache.velocity.runtime.resource.loader.ClasspathResourceLoader
2017-05-08 11:09:02,325 - ResourceManager : found /template/thriftIService.vm with loader org.apache.velocity.runtime.resource.loader.ClasspathResourceLoader
2017-05-08 11:09:02,327 - ResourceManager : found /template/thriftService.vm with loader org.apache.velocity.runtime.resource.loader.ClasspathResourceLoader
2017-05-08 11:09:02,332 - ResourceManager : found /template/thriftAction.vm with loader org.apache.velocity.runtime.resource.loader.ClasspathResourceLoader
